  TrackSpline.cpp
C:\Users\patri\Documents\Purdue\CS334\Final Project\pEngine\src\Simulation\Components\Coasters\TrackSpline.cpp(143,43): warning C4267: 'initializing': conversion from 'size_t' to 'int', possible loss of data
C:\Users\patri\Documents\Purdue\CS334\Final Project\pEngine\src\Simulation\Components\Coasters\TrackSpline.cpp(249,43): warning C4267: 'initializing': conversion from 'size_t' to 'int', possible loss of data
C:\Users\patri\Documents\Purdue\CS334\Final Project\pEngine\src\Simulation\Components\Coasters\TrackSpline.cpp(283,62): warning C4244: 'argument': conversion from 'unsigned __int64' to 'float', possible loss of data
C:\Users\patri\Documents\Purdue\CS334\Final Project\pEngine\src\Simulation\Components\Coasters\TrackSpline.cpp(283,41): warning C4244: 'argument': conversion from 'int' to 'float', possible loss of data
C:\Users\patri\Documents\Purdue\CS334\Final Project\pEngine\src\Simulation\Components\Coasters\TrackSpline.cpp(283,34): warning C4244: 'argument': conversion from 'float' to 'const unsigned __int64', possible loss of data
C:\Users\patri\Documents\Purdue\CS334\Final Project\pEngine\src\Simulation\Components\Coasters\TrackSpline.cpp(284,62): warning C4244: 'argument': conversion from 'unsigned __int64' to 'float', possible loss of data
C:\Users\patri\Documents\Purdue\CS334\Final Project\pEngine\src\Simulation\Components\Coasters\TrackSpline.cpp(284,35): warning C4244: 'argument': conversion from 'int' to 'float', possible loss of data
C:\Users\patri\Documents\Purdue\CS334\Final Project\pEngine\src\Simulation\Components\Coasters\TrackSpline.cpp(284,34): warning C4244: 'argument': conversion from 'float' to 'const unsigned __int64', possible loss of data
C:\Users\patri\Documents\Purdue\CS334\Final Project\pEngine\src\Simulation\Components\Coasters\TrackSpline.cpp(285,62): warning C4244: 'argument': conversion from 'unsigned __int64' to 'float', possible loss of data
C:\Users\patri\Documents\Purdue\CS334\Final Project\pEngine\src\Simulation\Components\Coasters\TrackSpline.cpp(285,41): warning C4244: 'argument': conversion from 'int' to 'float', possible loss of data
C:\Users\patri\Documents\Purdue\CS334\Final Project\pEngine\src\Simulation\Components\Coasters\TrackSpline.cpp(285,34): warning C4244: 'argument': conversion from 'float' to 'const unsigned __int64', possible loss of data
C:\Users\patri\Documents\Purdue\CS334\Final Project\pEngine\src\Simulation\Components\Coasters\TrackSpline.cpp(286,62): warning C4244: 'argument': conversion from 'unsigned __int64' to 'float', possible loss of data
C:\Users\patri\Documents\Purdue\CS334\Final Project\pEngine\src\Simulation\Components\Coasters\TrackSpline.cpp(286,41): warning C4244: 'argument': conversion from 'int' to 'float', possible loss of data
C:\Users\patri\Documents\Purdue\CS334\Final Project\pEngine\src\Simulation\Components\Coasters\TrackSpline.cpp(286,34): warning C4244: 'argument': conversion from 'float' to 'const unsigned __int64', possible loss of data
C:\Users\patri\Documents\Purdue\CS334\Final Project\pEngine\src\Simulation\Components\Coasters\TrackSpline.cpp(289,68): warning C4244: 'argument': conversion from 'unsigned __int64' to 'float', possible loss of data
C:\Users\patri\Documents\Purdue\CS334\Final Project\pEngine\src\Simulation\Components\Coasters\TrackSpline.cpp(289,47): warning C4244: 'argument': conversion from 'int' to 'float', possible loss of data
C:\Users\patri\Documents\Purdue\CS334\Final Project\pEngine\src\Simulation\Components\Coasters\TrackSpline.cpp(289,40): warning C4244: 'argument': conversion from 'float' to 'const unsigned __int64', possible loss of data
C:\Users\patri\Documents\Purdue\CS334\Final Project\pEngine\src\Simulation\Components\Coasters\TrackSpline.cpp(290,64): warning C4244: 'argument': conversion from 'unsigned __int64' to 'float', possible loss of data
C:\Users\patri\Documents\Purdue\CS334\Final Project\pEngine\src\Simulation\Components\Coasters\TrackSpline.cpp(290,41): warning C4244: 'argument': conversion from 'int' to 'float', possible loss of data
C:\Users\patri\Documents\Purdue\CS334\Final Project\pEngine\src\Simulation\Components\Coasters\TrackSpline.cpp(290,40): warning C4244: 'argument': conversion from 'float' to 'const unsigned __int64', possible loss of data
C:\Users\patri\Documents\Purdue\CS334\Final Project\pEngine\src\Simulation\Components\Coasters\TrackSpline.cpp(291,68): warning C4244: 'argument': conversion from 'unsigned __int64' to 'float', possible loss of data
C:\Users\patri\Documents\Purdue\CS334\Final Project\pEngine\src\Simulation\Components\Coasters\TrackSpline.cpp(291,47): warning C4244: 'argument': conversion from 'int' to 'float', possible loss of data
C:\Users\patri\Documents\Purdue\CS334\Final Project\pEngine\src\Simulation\Components\Coasters\TrackSpline.cpp(291,40): warning C4244: 'argument': conversion from 'float' to 'const unsigned __int64', possible loss of data
C:\Users\patri\Documents\Purdue\CS334\Final Project\pEngine\src\Simulation\Components\Coasters\TrackSpline.cpp(292,68): warning C4244: 'argument': conversion from 'unsigned __int64' to 'float', possible loss of data
C:\Users\patri\Documents\Purdue\CS334\Final Project\pEngine\src\Simulation\Components\Coasters\TrackSpline.cpp(292,47): warning C4244: 'argument': conversion from 'int' to 'float', possible loss of data
C:\Users\patri\Documents\Purdue\CS334\Final Project\pEngine\src\Simulation\Components\Coasters\TrackSpline.cpp(292,40): warning C4244: 'argument': conversion from 'float' to 'const unsigned __int64', possible loss of data
  UIPanel.cpp
  Generating Code...
C:\Users\patri\Documents\Purdue\CS334\Final Project\pEngine\src\Simulation\Components\Coasters\TrackSpline.cpp(79): warning C4715: 'TrackSpline::buildTrackMesh': not all control paths return a value
  base_freeglut.vcxproj -> C:\Users\patri\Documents\Purdue\CS334\Final Project\pEngine\x64\Debug\base_freeglut.exe
